<?xml version="1.0" encoding="UTF-8"?>
<!-- Generated by org.testng.reporters.JUnitReportReporter -->
<testsuite hostname="DESKTOP-S2V9P53" failures="0" tests="1" name="Testng.class2" time="0.001" errors="0" timestamp="2023-02-16T15:13:32 IST" skipped="0">
  <testcase classname="Testng.class2" name="f" time="0.001"/>
  <system-out/>
</testsuite> <!-- Testng.class2 -->
