<?xml version="1.0" encoding="UTF-8"?>
<!-- Generated by org.testng.reporters.JUnitReportReporter -->
<testsuite hostname="DESKTOP-S2V9P53" failures="0" tests="1" name="class1" time="0.008" errors="0" timestamp="2023-02-16T08:55:48 IST" skipped="0">
  <testcase classname="class1" name="f" time="0.008"/>
  <system-out/>
</testsuite> <!-- class1 -->
