<?xml version="1.0" encoding="UTF-8"?>
<!-- Generated by org.testng.reporters.JUnitReportReporter -->
<testsuite hostname="DESKTOP-S2V9P53" failures="0" tests="1" name="Testng.class1" time="0.019" errors="0" timestamp="2023-02-16T15:31:18 IST" skipped="0">
  <testcase classname="Testng.class1" name="addition" time="0.019"/>
  <system-out/>
</testsuite> <!-- Testng.class1 -->
