<?xml version="1.0" encoding="UTF-8"?>
<!-- Generated by org.testng.reporters.JUnitReportReporter -->
<testsuite hostname="DESKTOP-S2V9P53" failures="0" tests="1" name="class2" time="0.009" errors="0" timestamp="2023-02-15T22:33:31 IST" skipped="0">
  <testcase classname="class2" name="f" time="0.009"/>
  <system-out/>
</testsuite> <!-- class2 -->
