<?xml version="1.0" encoding="UTF-8"?>
<!-- Generated by org.testng.reporters.JUnitReportReporter -->
<testsuite hostname="DESKTOP-S2V9P53" failures="0" tests="2" name="FirstTestNG" time="102.475" errors="0" timestamp="2023-02-21T21:27:23 IST" skipped="0">
  <testcase classname="FirstTestNG" name="firefoxtext" time="73.490"/>
  <system-out/>
  <testcase classname="FirstTestNG" name="ChromeTest" time="28.985"/>
  <system-out/>
</testsuite> <!-- FirstTestNG -->
