<?xml version="1.0" encoding="UTF-8"?>
<!-- Generated by org.testng.reporters.JUnitReportReporter -->
<testsuite hostname="DESKTOP-S2V9P53" failures="0" tests="2" name="com.Shopping.TestCases.HomePageTest" time="30.212" errors="0" timestamp="2023-03-05T23:54:28 IST" skipped="0">
  <testcase classname="com.Shopping.TestCases.HomePageTest" name="verifyPageTitle" time="18.208"/>
  <system-out/>
  <testcase classname="com.Shopping.TestCases.HomePageTest" name="verifyHomePageLanding" time="12.004"/>
  <system-out/>
</testsuite> <!-- com.Shopping.TestCases.HomePageTest -->
